[0504/145412.904:ERROR:process_reader_win.cc(114)] NtOpenThread: {Access Denied} A process has requested access to an object, but has not been granted those access rights.  (0xc0000022)
[0504/145412.905:ERROR:exception_snapshot_win.cc(87)] thread ID 7448 not found in process
[0504/145412.905:WARNING:crash_report_exception_handler.cc(60)] ProcessSnapshotWin::Initialize failed
[0627/091213.856:ERROR:process_reader_win.cc(142)] SuspendThread: Access is denied. (0x5)
[0627/091214.245:ERROR:process_reader_win.cc(142)] SuspendThread: Access is denied. (0x5)
[0627/091214.245:ERROR:process_reader_win.cc(114)] NtOpenThread: {Access Denied} A process has requested access to an object, but has not been granted those access rights.  (0xc0000022)
[0627/091214.255:ERROR:exception_snapshot_win.cc(87)] thread ID 9612 not found in process
[0627/091214.255:WARNING:crash_report_exception_handler.cc(60)] ProcessSnapshotWin::Initialize failed
[0329/135344.548:ERROR:process_reader_win.cc(151)] SuspendThread: Access is denied. (0x5)
[0329/135344.579:ERROR:process_reader_win.cc(151)] SuspendThread: Access is denied. (0x5)
[0329/135344.579:ERROR:process_reader_win.cc(123)] NtOpenThread: {Access Denied} A process has requested access to an object, but has not been granted those access rights. (0xc0000022)
[0329/135344.580:ERROR:exception_snapshot_win.cc(88)] thread ID 13112 not found in process
[0329/135344.580:WARNING:crash_report_exception_handler.cc(62)] ProcessSnapshotWin::Initialize failed
[0425/090342.033:ERROR:process_reader_win.cc(151)] SuspendThread: Access is denied. (0x5)
[0425/090342.067:ERROR:process_reader_win.cc(151)] SuspendThread: Access is denied. (0x5)
[0425/090342.067:ERROR:process_reader_win.cc(151)] SuspendThread: Access is denied. (0x5)
[0425/090342.067:ERROR:process_reader_win.cc(151)] SuspendThread: Access is denied. (0x5)
[0425/090342.067:ERROR:process_reader_win.cc(151)] SuspendThread: Access is denied. (0x5)
[0425/090342.067:ERROR:process_reader_win.cc(151)] SuspendThread: Access is denied. (0x5)
[0425/090342.067:ERROR:process_reader_win.cc(123)] NtOpenThread: An invalid Client ID was specified. (0xc000000b)
[0425/090342.068:ERROR:process_reader_win.cc(151)] SuspendThread: Access is denied. (0x5)
[0425/090342.068:ERROR:process_reader_win.cc(151)] SuspendThread: Access is denied. (0x5)
[0425/090342.068:ERROR:process_reader_win.cc(151)] SuspendThread: Access is denied. (0x5)
[0425/090342.068:ERROR:process_reader_win.cc(151)] SuspendThread: Access is denied. (0x5)
[0425/090342.068:ERROR:process_reader_win.cc(151)] SuspendThread: Access is denied. (0x5)
[0425/090342.068:ERROR:process_reader_win.cc(151)] SuspendThread: Access is denied. (0x5)
[0425/090342.068:ERROR:process_reader_win.cc(151)] SuspendThread: Access is denied. (0x5)
[0425/090342.068:ERROR:process_reader_win.cc(151)] SuspendThread: Access is denied. (0x5)
[0425/090342.068:ERROR:process_reader_win.cc(151)] SuspendThread: Access is denied. (0x5)
[0425/090342.068:ERROR:process_reader_win.cc(151)] SuspendThread: Access is denied. (0x5)
[0425/090342.068:ERROR:process_reader_win.cc(151)] SuspendThread: Access is denied. (0x5)
[0425/090342.068:ERROR:process_reader_win.cc(151)] SuspendThread: Access is denied. (0x5)
[0425/090342.068:ERROR:process_reader_win.cc(151)] SuspendThread: Access is denied. (0x5)
[0425/090342.068:ERROR:process_reader_win.cc(151)] SuspendThread: Access is denied. (0x5)
[0425/090342.068:ERROR:process_reader_win.cc(151)] SuspendThread: Access is denied. (0x5)
[0425/090342.068:ERROR:process_reader_win.cc(151)] SuspendThread: Access is denied. (0x5)
[0425/090342.068:ERROR:process_reader_win.cc(151)] SuspendThread: Access is denied. (0x5)
[0425/090342.068:ERROR:process_reader_win.cc(151)] SuspendThread: Access is denied. (0x5)
[0425/090342.068:ERROR:process_reader_win.cc(151)] SuspendThread: Access is denied. (0x5)
[0425/090342.068:ERROR:process_reader_win.cc(151)] SuspendThread: Access is denied. (0x5)
[0425/090342.068:ERROR:process_reader_win.cc(151)] SuspendThread: Access is denied. (0x5)
[0425/090342.068:ERROR:process_reader_win.cc(151)] SuspendThread: Access is denied. (0x5)
[0425/090342.068:ERROR:process_reader_win.cc(123)] NtOpenThread: An invalid Client ID was specified. (0xc000000b)
[0425/090342.068:ERROR:process_reader_win.cc(151)] SuspendThread: Access is denied. (0x5)
[0425/090342.068:ERROR:process_reader_win.cc(151)] SuspendThread: Access is denied. (0x5)
[0425/090342.068:ERROR:process_reader_win.cc(151)] SuspendThread: Access is denied. (0x5)
[0425/090342.068:ERROR:process_reader_win.cc(151)] SuspendThread: Access is denied. (0x5)
[0425/090342.068:ERROR:process_reader_win.cc(151)] SuspendThread: Access is denied. (0x5)
[0425/090342.068:ERROR:process_reader_win.cc(123)] NtOpenThread: {Access Denied} A process has requested access to an object, but has not been granted those access rights. (0xc0000022)
[0425/090342.069:ERROR:exception_snapshot_win.cc(88)] thread ID 7536 not found in process
[0425/090342.069:WARNING:crash_report_exception_handler.cc(62)] ProcessSnapshotWin::Initialize failed
[0809/114358.228:ERROR:process_reader_win.cc(151)] SuspendThread: Access is denied. (0x5)
[0809/114358.272:ERROR:process_reader_win.cc(123)] NtOpenThread: {Access Denied} A process has requested access to an object, but has not been granted those access rights. (0xc0000022)
[0809/114358.274:ERROR:exception_snapshot_win.cc(88)] thread ID 12436 not found in process
